  MPI-parallelism will be employed. myid=           0
Program start on  08 Aug. 2018  10:53:06.014 AM
  
 ---- READING INPUT FILE: INCAR-TB
  L_TBFIT:   .FALSE.
 KPT_UNIT: KPOINT UNIT = Angstrom unit (1/A)
 PARA_FNM:  PARAM_FIT.dat
 POUT_FNM:  PARAM_FIT.new.dat                       
 TYPE_HOP:  SLATER_KOSTER
   LOCCHG: .TRUE. (read local charge density from GFILE)
  LNONCOL: .TRUE. (non-collinear = .TRUE.)
    ISPIN: 2 (noncollinear = .TRUE.)
  ISPINOR: 2 (noncollinear = .TRUE.)
    LSORB: .TRUE. (non-collinear = .TRUE. .AND. spin-orbit = .TRUE.)
 GEOM_FNM:  POSCAR-TB-ribbon
 KPTS_FNM:  KPOINTS_BAND
  NN_PAIR:  Bi-Bi        R0_max:  3.3000   R0:  3.1202
  NN_PAIR:  Bi--Bi       R0_max:  4.7000   R0:  4.6127
  NN_PAIR:  Bi---Bi      R0_max:  5.6000   R0:  5.5689
  E_FIELD:      0.000000    0.000000    0.050000
  
 *- READING INPUT GEOMETRY FILE: POSCAR-TB-ribbon
   SYSTEM:  Bi bulk :a = 4.6126930, c = 11.9856214
  A_SCALE:       1.00000000
  A_LATT1:      28.45077200     0.00000000     0.00000000
  A_LATT2:       0.00000000     7.98941864     0.00000000
  A_LATT3:       0.00000000     0.00000000    11.98562140
  B_RECI1:       0.22084411     0.00000000     0.00000000
  B_RECI2:       0.00000000     0.78643836     0.00000000
  B_RECI3:       0.00000000     0.00000000     0.52422691
   N_SPEC:       1
   N_ATOM:      16
   SPEC 1:  Bi       16
 L_CONSTR:  .TRUE.
 C_CRDTYP:  DIRECT
  N_ORBIT:      64
 ATOM   1:   4  s      px     py     pz     
 SITE_IDX:   bi1                 
   CHARGE:     0.000  0.000  0.000  0.000 
   MAGMOM: (M,theta,phi)   0.000  0.000  0.000    0.000  0.000  0.000    0.000  0.000  0.000    0.000  0.000  0.000  
 
 ATOM   2:   4  s      px     py     pz     
 SITE_IDX:   bi2                 
   CHARGE:     0.000  0.000  0.000  0.000 
   MAGMOM: (M,theta,phi)   0.000  0.000  0.000    0.000  0.000  0.000    0.000  0.000  0.000    0.000  0.000  0.000  
 
 ATOM   3:   4  s      px     py     pz     
 SITE_IDX:   bi3                 
   CHARGE:     0.000  0.000  0.000  0.000 
   MAGMOM: (M,theta,phi)   0.000  0.000  0.000    0.000  0.000  0.000    0.000  0.000  0.000    0.000  0.000  0.000  
 
 ATOM   4:   4  s      px     py     pz     
 SITE_IDX:   bi4                 
   CHARGE:     0.000  0.000  0.000  0.000 
   MAGMOM: (M,theta,phi)   0.000  0.000  0.000    0.000  0.000  0.000    0.000  0.000  0.000    0.000  0.000  0.000  
 
 ATOM   5:   4  s      px     py     pz     
 SITE_IDX:   bi5                 
   CHARGE:     0.000  0.000  0.000  0.000 
   MAGMOM: (M,theta,phi)   0.000  0.000  0.000    0.000  0.000  0.000    0.000  0.000  0.000    0.000  0.000  0.000  
 
 ATOM   6:   4  s      px     py     pz     
 SITE_IDX:   bi6                 
   CHARGE:     0.000  0.000  0.000  0.000 
   MAGMOM: (M,theta,phi)   0.000  0.000  0.000    0.000  0.000  0.000    0.000  0.000  0.000    0.000  0.000  0.000  
 
 ATOM   7:   4  s      px     py     pz     
 SITE_IDX:   bi7                 
   CHARGE:     0.000  0.000  0.000  0.000 
   MAGMOM: (M,theta,phi)   0.000  0.000  0.000    0.000  0.000  0.000    0.000  0.000  0.000    0.000  0.000  0.000  
 
 ATOM   8:   4  s      px     py     pz     
 SITE_IDX:   bi8                 
   CHARGE:     0.000  0.000  0.000  0.000 
   MAGMOM: (M,theta,phi)   0.000  0.000  0.000    0.000  0.000  0.000    0.000  0.000  0.000    0.000  0.000  0.000  
 
 ATOM   9:   4  s      px     py     pz     
 SITE_IDX:   bi9                 
   CHARGE:     0.000  0.000  0.000  0.000 
   MAGMOM: (M,theta,phi)   0.000  0.000  0.000    0.000  0.000  0.000    0.000  0.000  0.000    0.000  0.000  0.000  
 
 ATOM  10:   4  s      px     py     pz     
 SITE_IDX:   bi10                
   CHARGE:     0.000  0.000  0.000  0.000 
   MAGMOM: (M,theta,phi)   0.000  0.000  0.000    0.000  0.000  0.000    0.000  0.000  0.000    0.000  0.000  0.000  
 
 ATOM  11:   4  s      px     py     pz     
 SITE_IDX:   bi11                
   CHARGE:     0.000  0.000  0.000  0.000 
   MAGMOM: (M,theta,phi)   0.000  0.000  0.000    0.000  0.000  0.000    0.000  0.000  0.000    0.000  0.000  0.000  
 
 ATOM  12:   4  s      px     py     pz     
 SITE_IDX:   bi12                
   CHARGE:     0.000  0.000  0.000  0.000 
   MAGMOM: (M,theta,phi)   0.000  0.000  0.000    0.000  0.000  0.000    0.000  0.000  0.000    0.000  0.000  0.000  
 
 ATOM  13:   4  s      px     py     pz     
 SITE_IDX:   bi13                
   CHARGE:     0.000  0.000  0.000  0.000 
   MAGMOM: (M,theta,phi)   0.000  0.000  0.000    0.000  0.000  0.000    0.000  0.000  0.000    0.000  0.000  0.000  
 
 ATOM  14:   4  s      px     py     pz     
 SITE_IDX:   bi14                
   CHARGE:     0.000  0.000  0.000  0.000 
   MAGMOM: (M,theta,phi)   0.000  0.000  0.000    0.000  0.000  0.000    0.000  0.000  0.000    0.000  0.000  0.000  
 
 ATOM  15:   4  s      px     py     pz     
 SITE_IDX:   bi15                
   CHARGE:     0.000  0.000  0.000  0.000 
   MAGMOM: (M,theta,phi)   0.000  0.000  0.000    0.000  0.000  0.000    0.000  0.000  0.000    0.000  0.000  0.000  
 
 ATOM  16:   4  s      px     py     pz     
 SITE_IDX:   bi16                
   CHARGE:     0.000  0.000  0.000  0.000 
   MAGMOM: (M,theta,phi)   0.000  0.000  0.000    0.000  0.000  0.000    0.000  0.000  0.000    0.000  0.000  0.000  
 
EF_ORIGIN:  (in cartesian coord)     0.000000    0.000000    0.812905
 *- END READING GEOMETRY FILE ---------------------
  
  
 *- START SETUP NEIGHBOR ATOM PAIR & HOPPING CLASS
  N_NEIGH:    1472
  
 *- END SETUP NEIGHBOR ATOM PAIR & HOPPING CLASS
   N_GRID: (for EIGPLOT)    286    80   120
  
 *- READING KPOINTS FILE: KPOINTS_BAND
   K_MODE: Line-mode
    N_DIV:     146
   K_TYPE: Reciprocal unit
 K_LINE 1:       0.00000000 -0.50000000  0.00000000 -Y  -->   0.00000000  0.00000000  0.00000000  G
 K_LINE 2:       0.00000000  0.00000000  0.00000000  G  -->   0.00000000  0.50000000  0.00000000  Y
   N_LINE:       2
    KINIT=       0.000000 ; KNAME_INIT="-Y"
       K2=       0.393219 ; KNAME_2   ="{/Symbol \G}"
     KEND=       0.786438 ; KNAME_END ="Y"
  NKPOINT:     292
 *- END READING KPOINT FILE ---------------------
  
 ---- END READING INPUT FILE ---------------------
  
****************************************************************************************************
****  4
********  8
************ 12
**************** 16
******************** 20
************************ 24
**************************** 28
******************************** 32
************************************ 36
**************************************** 40
******************************************** 44
************************************************ 48
**************************************************** 52
******************************************************** 56
************************************************************ 60
**************************************************************** 64
******************************************************************** 68
************************************************************************ 72
**************************************************************************** 76
******************************************************************************** 80
************************************************************************************ 84
**************************************************************************************** 88
******************************************************************************************** 92
************************************************************************************************ 96
****************************************************************************************************100
TIME for EIGENVALUE SOLVE (s)    0.498265
Program ends on  08 Aug. 2018  10:53:06.879 AM
  Time elapsed:        0.861
